# JRE version: OpenJDK Runtime Environment (11.0.10) (build 11.0.10+0-b96-7249189)
# Java VM: OpenJDK 64-Bit Server VM (11.0.10+0-b96-7249189, mixed mode, tiered, compressed oops, g1 gc, windows-amd64)
Heap:
 garbage-first heap   total 543744K, used 422028K [0x0000000080000000, 0x0000000100000000)
  region size 1024K, 128 young (131072K), 15 survivors (15360K)
 Metaspace       used 114602K, capacity 117853K, committed 117972K, reserved 1153024K
  class space    used 14205K, capacity 15383K, committed 15436K, reserved 1048576K
GC Heap History (20 events):
Event: 319.547 GC heap before
{Heap before GC invocations=87 (full 0):
 garbage-first heap   total 478208K, used 412275K [0x0000000080000000, 0x0000000100000000)
  region size 1024K, 145 young (148480K), 10 survivors (10240K)
 Metaspace       used 114484K, capacity 117775K, committed 117972K, reserved 1153024K
  class space    used 14203K, capacity 15381K, committed 15436K, reserved 1048576K
}
Event: 319.580 GC heap after
{Heap after GC invocations=88 (full 0):
 garbage-first heap   total 478208K, used 276062K [0x0000000080000000, 0x0000000100000000)
  region size 1024K, 12 young (12288K), 12 survivors (12288K)
 Metaspace       used 114484K, capacity 117775K, committed 117972K, reserved 1153024K
  class space    used 14203K, capacity 15381K, committed 15436K, reserved 1048576K
}
Event: 320.346 GC heap before
{Heap before GC invocations=88 (full 0):
 garbage-first heap   total 478208K, used 414302K [0x0000000080000000, 0x0000000100000000)
  region size 1024K, 147 young (150528K), 12 survivors (12288K)
 Metaspace       used 114488K, capacity 117776K, committed 117972K, reserved 1153024K
  class space    used 14203K, capacity 15381K, committed 15436K, reserved 1048576K
}
Event: 320.388 GC heap after
{Heap after GC invocations=89 (full 0):
 garbage-first heap   total 478208K, used 279329K [0x0000000080000000, 0x0000000100000000)
  region size 1024K, 12 young (12288K), 12 survivors (12288K)
 Metaspace       used 114488K, capacity 117776K, committed 117972K, reserved 1153024K
  class space    used 14203K, capacity 15381K, committed 15436K, reserved 1048576K
}
Event: 321.206 GC heap before
{Heap before GC invocations=89 (full 0):
 garbage-first heap   total 478208K, used 416545K [0x0000000080000000, 0x0000000100000000)
  region size 1024K, 146 young (149504K), 12 survivors (12288K)
 Metaspace       used 114503K, capacity 117781K, committed 117972K, reserved 1153024K
  class space    used 14204K, capacity 15382K, committed 15436K, reserved 1048576K
}
Event: 321.243 GC heap after
{Heap after GC invocations=90 (full 0):
 garbage-first heap   total 478208K, used 280977K [0x0000000080000000, 0x0000000100000000)
  region size 1024K, 11 young (11264K), 11 survivors (11264K)
 Metaspace       used 114503K, capacity 117781K, committed 117972K, reserved 1153024K
  class space    used 14204K, capacity 15382K, committed 15436K, reserved 1048576K
}
Event: 322.087 GC heap before
{Heap before GC invocations=90 (full 0):
 garbage-first heap   total 478208K, used 418193K [0x0000000080000000, 0x0000000100000000)
  region size 1024K, 144 young (147456K), 11 survivors (11264K)
 Metaspace       used 114516K, capacity 117782K, committed 117972K, reserved 1153024K
  class space    used 14204K, capacity 15382K, committed 15436K, reserved 1048576K
}
Event: 322.140 GC heap after
{Heap after GC invocations=91 (full 0):
 garbage-first heap   total 478208K, used 288935K [0x0000000080000000, 0x0000000100000000)
  region size 1024K, 16 young (16384K), 16 survivors (16384K)
 Metaspace       used 114516K, capacity 117782K, committed 117972K, reserved 1153024K
  class space    used 14204K, capacity 15382K, committed 15436K, reserved 1048576K
}
Event: 322.959 GC heap before
{Heap before GC invocations=91 (full 0):
 garbage-first heap   total 478208K, used 412839K [0x0000000080000000, 0x0000000100000000)
  region size 1024K, 137 young (140288K), 16 survivors (16384K)
 Metaspace       used 114527K, capacity 117785K, committed 117972K, reserved 1153024K
  class space    used 14205K, capacity 15383K, committed 15436K, reserved 1048576K
}
Event: 323.006 GC heap after
{Heap after GC invocations=92 (full 0):
 garbage-first heap   total 478208K, used 291196K [0x0000000080000000, 0x0000000100000000)
  region size 1024K, 11 young (11264K), 11 survivors (11264K)
 Metaspace       used 114527K, capacity 117785K, committed 117972K, reserved 1153024K
  class space    used 14205K, capacity 15383K, committed 15436K, reserved 1048576K
}
Event: 323.839 GC heap before
{Heap before GC invocations=92 (full 0):
 garbage-first heap   total 478208K, used 416124K [0x0000000080000000, 0x0000000100000000)
  region size 1024K, 133 young (136192K), 11 survivors (11264K)
 Metaspace       used 114531K, capacity 117785K, committed 117972K, reserved 1153024K
  class space    used 14205K, capacity 15383K, committed 15436K, reserved 1048576K
}
Event: 323.875 GC heap after
{Heap after GC invocations=93 (full 0):
 garbage-first heap   total 478208K, used 293683K [0x0000000080000000, 0x0000000100000000)
  region size 1024K, 6 young (6144K), 6 survivors (6144K)
 Metaspace       used 114531K, capacity 117785K, committed 117972K, reserved 1153024K
  class space    used 14205K, capacity 15383K, committed 15436K, reserved 1048576K
}
Event: 324.886 GC heap before
{Heap before GC invocations=93 (full 0):
 garbage-first heap   total 478208K, used 418611K [0x0000000080000000, 0x0000000100000000)
  region size 1024K, 127 young (130048K), 6 survivors (6144K)
 Metaspace       used 114545K, capacity 117785K, committed 117972K, reserved 1153024K
  class space    used 14205K, capacity 15383K, committed 15436K, reserved 1048576K
}
Event: 324.910 GC heap after
{Heap after GC invocations=94 (full 0):
 garbage-first heap   total 478208K, used 294030K [0x0000000080000000, 0x0000000100000000)
  region size 1024K, 7 young (7168K), 7 survivors (7168K)
 Metaspace       used 114545K, capacity 117785K, committed 117972K, reserved 1153024K
  class space    used 14205K, capacity 15383K, committed 15436K, reserved 1048576K
}
Event: 326.263 GC heap before
{Heap before GC invocations=94 (full 0):
 garbage-first heap   total 478208K, used 417934K [0x0000000080000000, 0x0000000100000000)
  region size 1024K, 128 young (131072K), 7 survivors (7168K)
 Metaspace       used 114557K, capacity 117785K, committed 117972K, reserved 1153024K
  class space    used 14205K, capacity 15383K, committed 15436K, reserved 1048576K
}
Event: 326.298 GC heap after
{Heap after GC invocations=95 (full 0):
 garbage-first heap   total 478208K, used 300851K [0x0000000080000000, 0x0000000100000000)
  region size 1024K, 13 young (13312K), 13 survivors (13312K)
 Metaspace       used 114557K, capacity 117785K, committed 117972K, reserved 1153024K
  class space    used 14205K, capacity 15383K, committed 15436K, reserved 1048576K
}
Event: 327.547 GC heap before
{Heap before GC invocations=95 (full 0):
 garbage-first heap   total 478208K, used 416563K [0x0000000080000000, 0x0000000100000000)
  region size 1024K, 126 young (129024K), 13 survivors (13312K)
 Metaspace       used 114573K, capacity 117849K, committed 117972K, reserved 1153024K
  class space    used 14205K, capacity 15383K, committed 15436K, reserved 1048576K
}
Event: 327.583 GC heap after
{Heap after GC invocations=96 (full 0):
 garbage-first heap   total 543744K, used 300875K [0x0000000080000000, 0x0000000100000000)
  region size 1024K, 9 young (9216K), 9 survivors (9216K)
 Metaspace       used 114573K, capacity 117849K, committed 117972K, reserved 1153024K
  class space    used 14205K, capacity 15383K, committed 15436K, reserved 1048576K
}
Event: 329.207 GC heap before
{Heap before GC invocations=96 (full 0):
 garbage-first heap   total 543744K, used 455499K [0x0000000080000000, 0x0000000100000000)
  region size 1024K, 160 young (163840K), 9 survivors (9216K)
 Metaspace       used 114585K, capacity 117852K, committed 117972K, reserved 1153024K
  class space    used 14205K, capacity 15383K, committed 15436K, reserved 1048576K
}
Event: 329.240 GC heap after
{Heap after GC invocations=97 (full 0):
 garbage-first heap   total 543744K, used 307340K [0x0000000080000000, 0x0000000100000000)
  region size 1024K, 15 young (15360K), 15 survivors (15360K)
 Metaspace       used 114585K, capacity 117852K, committed 117972K, reserved 1153024K
  class space    used 14205K, capacity 15383K, committed 15436K, reserved 1048576K
}

