# JRE version: OpenJDK Runtime Environment (11.0.10) (build 11.0.10+0-b96-7249189)
# Java VM: OpenJDK 64-Bit Server VM (11.0.10+0-b96-7249189, mixed mode, tiered, compressed oops, g1 gc, windows-amd64)
Heap:
 garbage-first heap   total 718848K, used 141173K [0x0000000080000000, 0x0000000100000000)
  region size 1024K, 12 young (12288K), 12 survivors (12288K)
 Metaspace       used 129627K, capacity 134050K, committed 134316K, reserved 1167360K
  class space    used 15592K, capacity 17233K, committed 17356K, reserved 1048576K
GC Heap History (20 events):
Event: 15513.187 GC heap after
{Heap after GC invocations=290 (full 0):
 garbage-first heap   total 189440K, used 120721K [0x0000000080000000, 0x0000000100000000)
  region size 1024K, 5 young (5120K), 5 survivors (5120K)
 Metaspace       used 129235K, capacity 133666K, committed 133932K, reserved 1165312K
  class space    used 15581K, capacity 17216K, committed 17228K, reserved 1048576K
}
Event: 15513.355 GC heap before
{Heap before GC invocations=290 (full 0):
 garbage-first heap   total 189440K, used 154513K [0x0000000080000000, 0x0000000100000000)
  region size 1024K, 38 young (38912K), 5 survivors (5120K)
 Metaspace       used 129266K, capacity 133667K, committed 133932K, reserved 1165312K
  class space    used 15581K, capacity 17216K, committed 17228K, reserved 1048576K
}
Event: 15513.369 GC heap after
{Heap after GC invocations=291 (full 0):
 garbage-first heap   total 189440K, used 124807K [0x0000000080000000, 0x0000000100000000)
  region size 1024K, 4 young (4096K), 4 survivors (4096K)
 Metaspace       used 129266K, capacity 133667K, committed 133932K, reserved 1165312K
  class space    used 15581K, capacity 17216K, committed 17228K, reserved 1048576K
}
Event: 15513.488 GC heap before
{Heap before GC invocations=291 (full 0):
 garbage-first heap   total 189440K, used 156551K [0x0000000080000000, 0x0000000100000000)
  region size 1024K, 35 young (35840K), 4 survivors (4096K)
 Metaspace       used 129293K, capacity 133744K, committed 133932K, reserved 1165312K
  class space    used 15583K, capacity 17220K, committed 17228K, reserved 1048576K
}
Event: 15513.503 GC heap after
{Heap after GC invocations=292 (full 0):
 garbage-first heap   total 248832K, used 127318K [0x0000000080000000, 0x0000000100000000)
  region size 1024K, 3 young (3072K), 3 survivors (3072K)
 Metaspace       used 129293K, capacity 133744K, committed 133932K, reserved 1165312K
  class space    used 15583K, capacity 17220K, committed 17228K, reserved 1048576K
}
Event: 15513.843 GC heap before
{Heap before GC invocations=293 (full 0):
 garbage-first heap   total 248832K, used 187734K [0x0000000080000000, 0x0000000100000000)
  region size 1024K, 62 young (63488K), 3 survivors (3072K)
 Metaspace       used 129354K, capacity 133794K, committed 133932K, reserved 1165312K
  class space    used 15580K, capacity 17214K, committed 17228K, reserved 1048576K
}
Event: 15513.857 GC heap after
{Heap after GC invocations=294 (full 0):
 garbage-first heap   total 248832K, used 130474K [0x0000000080000000, 0x0000000100000000)
  region size 1024K, 6 young (6144K), 6 survivors (6144K)
 Metaspace       used 129354K, capacity 133794K, committed 133932K, reserved 1165312K
  class space    used 15580K, capacity 17214K, committed 17228K, reserved 1048576K
}
Event: 15513.873 GC heap before
{Heap before GC invocations=294 (full 0):
 garbage-first heap   total 248832K, used 136618K [0x0000000080000000, 0x0000000100000000)
  region size 1024K, 12 young (12288K), 6 survivors (6144K)
 Metaspace       used 129354K, capacity 133794K, committed 133932K, reserved 1165312K
  class space    used 15580K, capacity 17214K, committed 17228K, reserved 1048576K
}
Event: 15513.887 GC heap after
{Heap after GC invocations=295 (full 0):
 garbage-first heap   total 248832K, used 130521K [0x0000000080000000, 0x0000000100000000)
  region size 1024K, 1 young (1024K), 1 survivors (1024K)
 Metaspace       used 129354K, capacity 133794K, committed 133932K, reserved 1165312K
  class space    used 15580K, capacity 17214K, committed 17228K, reserved 1048576K
}
Event: 15514.078 GC heap before
{Heap before GC invocations=295 (full 0):
 garbage-first heap   total 248832K, used 191961K [0x0000000080000000, 0x0000000100000000)
  region size 1024K, 61 young (62464K), 1 survivors (1024K)
 Metaspace       used 129377K, capacity 133797K, committed 133932K, reserved 1165312K
  class space    used 15580K, capacity 17214K, committed 17228K, reserved 1048576K
}
Event: 15514.087 GC heap after
{Heap after GC invocations=296 (full 0):
 garbage-first heap   total 248832K, used 131942K [0x0000000080000000, 0x0000000100000000)
  region size 1024K, 3 young (3072K), 3 survivors (3072K)
 Metaspace       used 129377K, capacity 133797K, committed 133932K, reserved 1165312K
  class space    used 15580K, capacity 17214K, committed 17228K, reserved 1048576K
}
Event: 15514.430 GC heap before
{Heap before GC invocations=296 (full 0):
 garbage-first heap   total 248832K, used 195430K [0x0000000080000000, 0x0000000100000000)
  region size 1024K, 65 young (66560K), 3 survivors (3072K)
 Metaspace       used 129439K, capacity 133869K, committed 133932K, reserved 1165312K
  class space    used 15582K, capacity 17217K, committed 17228K, reserved 1048576K
}
Event: 15514.444 GC heap after
{Heap after GC invocations=297 (full 0):
 garbage-first heap   total 361472K, used 133791K [0x0000000080000000, 0x0000000100000000)
  region size 1024K, 5 young (5120K), 5 survivors (5120K)
 Metaspace       used 129439K, capacity 133869K, committed 133932K, reserved 1165312K
  class space    used 15582K, capacity 17217K, committed 17228K, reserved 1048576K
}
Event: 15515.781 GC heap before
{Heap before GC invocations=298 (full 0):
 garbage-first heap   total 361472K, used 247455K [0x0000000080000000, 0x0000000100000000)
  region size 1024K, 116 young (118784K), 5 survivors (5120K)
 Metaspace       used 129505K, capacity 133940K, committed 134188K, reserved 1167360K
  class space    used 15584K, capacity 17219K, committed 17228K, reserved 1048576K
}
Event: 15515.886 GC heap after
{Heap after GC invocations=299 (full 0):
 garbage-first heap   total 361472K, used 136606K [0x0000000080000000, 0x0000000100000000)
  region size 1024K, 7 young (7168K), 7 survivors (7168K)
 Metaspace       used 129505K, capacity 133940K, committed 134188K, reserved 1167360K
  class space    used 15584K, capacity 17219K, committed 17228K, reserved 1048576K
}
Event: 15517.210 GC heap before
{Heap before GC invocations=299 (full 0):
 garbage-first heap   total 361472K, used 289182K [0x0000000080000000, 0x0000000100000000)
  region size 1024K, 156 young (159744K), 7 survivors (7168K)
 Metaspace       used 129568K, capacity 133962K, committed 134188K, reserved 1167360K
  class space    used 15587K, capacity 17225K, committed 17228K, reserved 1048576K
}
Event: 15517.251 GC heap after
{Heap after GC invocations=300 (full 0):
 garbage-first heap   total 361472K, used 139292K [0x0000000080000000, 0x0000000100000000)
  region size 1024K, 10 young (10240K), 10 survivors (10240K)
 Metaspace       used 129568K, capacity 133962K, committed 134188K, reserved 1167360K
  class space    used 15587K, capacity 17225K, committed 17228K, reserved 1048576K
}
Event: 15518.951 GC heap before
{Heap before GC invocations=301 (full 0):
 garbage-first heap   total 361472K, used 292892K [0x0000000080000000, 0x0000000100000000)
  region size 1024K, 160 young (163840K), 10 survivors (10240K)
 Metaspace       used 129590K, capacity 134037K, committed 134316K, reserved 1167360K
  class space    used 15589K, capacity 17229K, committed 17356K, reserved 1048576K
}
Event: 15518.997 GC heap after
{Heap after GC invocations=302 (full 0):
 garbage-first heap   total 361472K, used 138713K [0x0000000080000000, 0x0000000100000000)
  region size 1024K, 9 young (9216K), 9 survivors (9216K)
 Metaspace       used 129590K, capacity 134037K, committed 134316K, reserved 1167360K
  class space    used 15589K, capacity 17229K, committed 17356K, reserved 1048576K
}
Event: 15519.517 GC heap before
{Heap before GC invocations=302 (full 0):
 garbage-first heap   total 361472K, used 302553K [0x0000000080000000, 0x0000000100000000)
  region size 1024K, 169 young (173056K), 9 survivors (9216K)
 Metaspace       used 129627K, capacity 134050K, committed 134316K, reserved 1167360K
  class space    used 15592K, capacity 17233K, committed 17356K, reserved 1048576K
}

