# JRE version: OpenJDK Runtime Environment (11.0.10) (build 11.0.10+0-b96-7249189)
# Java VM: OpenJDK 64-Bit Server VM (11.0.10+0-b96-7249189, mixed mode, tiered, compressed oops, g1 gc, windows-amd64)
Heap:
 garbage-first heap   total 131072K, used 40403K [0x0000000080000000, 0x0000000100000000)
  region size 1024K, 21 young (21504K), 8 survivors (8192K)
 Metaspace       used 40271K, capacity 41168K, committed 41420K, reserved 1085440K
  class space    used 5170K, capacity 5499K, committed 5580K, reserved 1048576K
GC Heap History (18 events):
Event: 1.331 GC heap before
{Heap before GC invocations=0 (full 0):
 garbage-first heap   total 131072K, used 16384K [0x0000000080000000, 0x0000000100000000)
  region size 1024K, 14 young (14336K), 0 survivors (0K)
 Metaspace       used 6766K, capacity 6937K, committed 7168K, reserved 1056768K
  class space    used 585K, capacity 650K, committed 768K, reserved 1048576K
}
Event: 1.336 GC heap after
{Heap after GC invocations=1 (full 0):
 garbage-first heap   total 131072K, used 4558K [0x0000000080000000, 0x0000000100000000)
  region size 1024K, 2 young (2048K), 2 survivors (2048K)
 Metaspace       used 6766K, capacity 6937K, committed 7168K, reserved 1056768K
  class space    used 585K, capacity 650K, committed 768K, reserved 1048576K
}
Event: 1.771 GC heap before
{Heap before GC invocations=1 (full 0):
 garbage-first heap   total 131072K, used 18894K [0x0000000080000000, 0x0000000100000000)
  region size 1024K, 13 young (13312K), 2 survivors (2048K)
 Metaspace       used 10222K, capacity 10437K, committed 10624K, reserved 1058816K
  class space    used 1065K, capacity 1139K, committed 1152K, reserved 1048576K
}
Event: 1.776 GC heap after
{Heap after GC invocations=2 (full 0):
 garbage-first heap   total 131072K, used 10089K [0x0000000080000000, 0x0000000100000000)
  region size 1024K, 2 young (2048K), 2 survivors (2048K)
 Metaspace       used 10222K, capacity 10437K, committed 10624K, reserved 1058816K
  class space    used 1065K, capacity 1139K, committed 1152K, reserved 1048576K
}
Event: 2.510 GC heap before
{Heap before GC invocations=2 (full 0):
 garbage-first heap   total 131072K, used 37737K [0x0000000080000000, 0x0000000100000000)
  region size 1024K, 29 young (29696K), 2 survivors (2048K)
 Metaspace       used 11171K, capacity 11390K, committed 11520K, reserved 1058816K
  class space    used 1168K, capacity 1243K, committed 1280K, reserved 1048576K
}
Event: 2.514 GC heap after
{Heap after GC invocations=3 (full 0):
 garbage-first heap   total 131072K, used 12573K [0x0000000080000000, 0x0000000100000000)
  region size 1024K, 4 young (4096K), 4 survivors (4096K)
 Metaspace       used 11171K, capacity 11390K, committed 11520K, reserved 1058816K
  class space    used 1168K, capacity 1243K, committed 1280K, reserved 1048576K
}
Event: 4.978 GC heap before
{Heap before GC invocations=3 (full 0):
 garbage-first heap   total 131072K, used 54557K [0x0000000080000000, 0x0000000100000000)
  region size 1024K, 44 young (45056K), 4 survivors (4096K)
 Metaspace       used 17506K, capacity 17912K, committed 18048K, reserved 1064960K
  class space    used 2037K, capacity 2174K, committed 2176K, reserved 1048576K
}
Event: 5.004 GC heap after
{Heap after GC invocations=4 (full 0):
 garbage-first heap   total 131072K, used 16651K [0x0000000080000000, 0x0000000100000000)
  region size 1024K, 6 young (6144K), 6 survivors (6144K)
 Metaspace       used 17506K, capacity 17912K, committed 18048K, reserved 1064960K
  class space    used 2037K, capacity 2174K, committed 2176K, reserved 1048576K
}
Event: 5.549 GC heap before
{Heap before GC invocations=4 (full 0):
 garbage-first heap   total 131072K, used 44299K [0x0000000080000000, 0x0000000100000000)
  region size 1024K, 34 young (34816K), 6 survivors (6144K)
 Metaspace       used 20555K, capacity 21104K, committed 21248K, reserved 1067008K
  class space    used 2503K, capacity 2690K, committed 2816K, reserved 1048576K
}
Event: 5.558 GC heap after
{Heap after GC invocations=5 (full 0):
 garbage-first heap   total 131072K, used 17772K [0x0000000080000000, 0x0000000100000000)
  region size 1024K, 1 young (1024K), 1 survivors (1024K)
 Metaspace       used 20555K, capacity 21104K, committed 21248K, reserved 1067008K
  class space    used 2503K, capacity 2690K, committed 2816K, reserved 1048576K
}
Event: 6.649 GC heap before
{Heap before GC invocations=6 (full 0):
 garbage-first heap   total 131072K, used 65900K [0x0000000080000000, 0x0000000100000000)
  region size 1024K, 49 young (50176K), 1 survivors (1024K)
 Metaspace       used 25675K, capacity 26340K, committed 26368K, reserved 1073152K
  class space    used 3350K, capacity 3568K, committed 3584K, reserved 1048576K
}
Event: 6.655 GC heap after
{Heap after GC invocations=7 (full 0):
 garbage-first heap   total 131072K, used 19376K [0x0000000080000000, 0x0000000100000000)
  region size 1024K, 3 young (3072K), 3 survivors (3072K)
 Metaspace       used 25675K, capacity 26340K, committed 26368K, reserved 1073152K
  class space    used 3350K, capacity 3568K, committed 3584K, reserved 1048576K
}
Event: 8.717 GC heap before
{Heap before GC invocations=7 (full 0):
 garbage-first heap   total 131072K, used 74672K [0x0000000080000000, 0x0000000100000000)
  region size 1024K, 57 young (58368K), 3 survivors (3072K)
 Metaspace       used 33792K, capacity 34562K, committed 34688K, reserved 1079296K
  class space    used 4380K, capacity 4672K, committed 4736K, reserved 1048576K
}
Event: 8.727 GC heap after
{Heap after GC invocations=8 (full 0):
 garbage-first heap   total 131072K, used 22349K [0x0000000080000000, 0x0000000100000000)
  region size 1024K, 6 young (6144K), 6 survivors (6144K)
 Metaspace       used 33792K, capacity 34562K, committed 34688K, reserved 1079296K
  class space    used 4380K, capacity 4672K, committed 4736K, reserved 1048576K
}
Event: 9.133 GC heap before
{Heap before GC invocations=8 (full 0):
 garbage-first heap   total 131072K, used 27469K [0x0000000080000000, 0x0000000100000000)
  region size 1024K, 13 young (13312K), 6 survivors (6144K)
 Metaspace       used 35065K, capacity 35838K, committed 35840K, reserved 1081344K
  class space    used 4536K, capacity 4864K, committed 4864K, reserved 1048576K
}
Event: 9.151 GC heap after
{Heap after GC invocations=9 (full 0):
 garbage-first heap   total 131072K, used 23256K [0x0000000080000000, 0x0000000100000000)
  region size 1024K, 4 young (4096K), 4 survivors (4096K)
 Metaspace       used 35065K, capacity 35838K, committed 35840K, reserved 1081344K
  class space    used 4536K, capacity 4864K, committed 4864K, reserved 1048576K
}
Event: 11.035 GC heap before
{Heap before GC invocations=10 (full 0):
 garbage-first heap   total 131072K, used 82648K [0x0000000080000000, 0x0000000100000000)
  region size 1024K, 60 young (61440K), 4 survivors (4096K)
 Metaspace       used 39168K, capacity 40035K, committed 40268K, reserved 1083392K
  class space    used 4992K, capacity 5319K, committed 5452K, reserved 1048576K
}
Event: 11.058 GC heap after
{Heap after GC invocations=11 (full 0):
 garbage-first heap   total 131072K, used 28115K [0x0000000080000000, 0x0000000100000000)
  region size 1024K, 8 young (8192K), 8 survivors (8192K)
 Metaspace       used 39168K, capacity 40035K, committed 40268K, reserved 1083392K
  class space    used 4992K, capacity 5319K, committed 5452K, reserved 1048576K
}

