# JRE version: OpenJDK Runtime Environment (11.0.10) (build 11.0.10+0-b96-7249189)
# Java VM: OpenJDK 64-Bit Server VM (11.0.10+0-b96-7249189, mixed mode, tiered, compressed oops, g1 gc, windows-amd64)
Heap:
 garbage-first heap   total 474112K, used 345692K [0x0000000080000000, 0x0000000100000000)
  region size 1024K, 221 young (226304K), 12 survivors (12288K)
 Metaspace       used 96534K, capacity 99072K, committed 99712K, reserved 1134592K
  class space    used 12459K, capacity 13434K, committed 13696K, reserved 1048576K
GC Heap History (20 events):
Event: 35.332 GC heap before
{Heap before GC invocations=29 (full 0):
 garbage-first heap   total 273408K, used 209141K [0x0000000080000000, 0x0000000100000000)
  region size 1024K, 90 young (92160K), 1 survivors (1024K)
 Metaspace       used 96021K, capacity 98647K, committed 99200K, reserved 1134592K
  class space    used 12457K, capacity 13449K, committed 13696K, reserved 1048576K
}
Event: 35.340 GC heap after
{Heap after GC invocations=30 (full 0):
 garbage-first heap   total 273408K, used 120644K [0x0000000080000000, 0x0000000100000000)
  region size 1024K, 4 young (4096K), 4 survivors (4096K)
 Metaspace       used 96021K, capacity 98647K, committed 99200K, reserved 1134592K
  class space    used 12457K, capacity 13449K, committed 13696K, reserved 1048576K
}
Event: 36.019 GC heap before
{Heap before GC invocations=30 (full 0):
 garbage-first heap   total 273408K, used 211780K [0x0000000080000000, 0x0000000100000000)
  region size 1024K, 94 young (96256K), 4 survivors (4096K)
 Metaspace       used 96179K, capacity 98755K, committed 99456K, reserved 1134592K
  class space    used 12463K, capacity 13454K, committed 13696K, reserved 1048576K
}
Event: 36.039 GC heap after
{Heap after GC invocations=31 (full 0):
 garbage-first heap   total 273408K, used 127221K [0x0000000080000000, 0x0000000100000000)
  region size 1024K, 10 young (10240K), 10 survivors (10240K)
 Metaspace       used 96179K, capacity 98755K, committed 99456K, reserved 1134592K
  class space    used 12463K, capacity 13454K, committed 13696K, reserved 1048576K
}
Event: 36.489 GC heap before
{Heap before GC invocations=31 (full 0):
 garbage-first heap   total 273408K, used 217333K [0x0000000080000000, 0x0000000100000000)
  region size 1024K, 98 young (100352K), 10 survivors (10240K)
 Metaspace       used 96264K, capacity 98847K, committed 99456K, reserved 1134592K
  class space    used 12471K, capacity 13462K, committed 13696K, reserved 1048576K
}
Event: 36.508 GC heap after
{Heap after GC invocations=32 (full 0):
 garbage-first heap   total 273408K, used 131017K [0x0000000080000000, 0x0000000100000000)
  region size 1024K, 5 young (5120K), 5 survivors (5120K)
 Metaspace       used 96264K, capacity 98847K, committed 99456K, reserved 1134592K
  class space    used 12471K, capacity 13462K, committed 13696K, reserved 1048576K
}
Event: 37.106 GC heap before
{Heap before GC invocations=32 (full 0):
 garbage-first heap   total 273408K, used 220105K [0x0000000080000000, 0x0000000100000000)
  region size 1024K, 92 young (94208K), 5 survivors (5120K)
 Metaspace       used 96318K, capacity 98921K, committed 99456K, reserved 1134592K
  class space    used 12472K, capacity 13464K, committed 13696K, reserved 1048576K
}
Event: 37.122 GC heap after
{Heap after GC invocations=33 (full 0):
 garbage-first heap   total 273408K, used 132262K [0x0000000080000000, 0x0000000100000000)
  region size 1024K, 6 young (6144K), 6 survivors (6144K)
 Metaspace       used 96318K, capacity 98921K, committed 99456K, reserved 1134592K
  class space    used 12472K, capacity 13464K, committed 13696K, reserved 1048576K
}
Event: 37.990 GC heap before
{Heap before GC invocations=34 (full 0):
 garbage-first heap   total 273408K, used 220326K [0x0000000080000000, 0x0000000100000000)
  region size 1024K, 94 young (96256K), 6 survivors (6144K)
 Metaspace       used 96273K, capacity 98818K, committed 99456K, reserved 1134592K
  class space    used 12451K, capacity 13426K, committed 13696K, reserved 1048576K
}
Event: 38.014 GC heap after
{Heap after GC invocations=35 (full 0):
 garbage-first heap   total 273408K, used 135607K [0x0000000080000000, 0x0000000100000000)
  region size 1024K, 11 young (11264K), 11 survivors (11264K)
 Metaspace       used 96273K, capacity 98818K, committed 99456K, reserved 1134592K
  class space    used 12451K, capacity 13426K, committed 13696K, reserved 1048576K
}
Event: 38.021 GC heap before
{Heap before GC invocations=35 (full 0):
 garbage-first heap   total 273408K, used 137655K [0x0000000080000000, 0x0000000100000000)
  region size 1024K, 13 young (13312K), 11 survivors (11264K)
 Metaspace       used 96273K, capacity 98818K, committed 99456K, reserved 1134592K
  class space    used 12451K, capacity 13426K, committed 13696K, reserved 1048576K
}
Event: 38.079 GC heap after
{Heap after GC invocations=36 (full 0):
 garbage-first heap   total 328704K, used 121869K [0x0000000080000000, 0x0000000100000000)
  region size 1024K, 2 young (2048K), 2 survivors (2048K)
 Metaspace       used 96273K, capacity 98818K, committed 99456K, reserved 1134592K
  class space    used 12451K, capacity 13426K, committed 13696K, reserved 1048576K
}
Event: 40.140 GC heap before
{Heap before GC invocations=36 (full 0):
 garbage-first heap   total 328704K, used 243725K [0x0000000080000000, 0x0000000100000000)
  region size 1024K, 121 young (123904K), 2 survivors (2048K)
 Metaspace       used 96324K, capacity 98884K, committed 99456K, reserved 1134592K
  class space    used 12454K, capacity 13426K, committed 13696K, reserved 1048576K
}
Event: 40.171 GC heap after
{Heap after GC invocations=37 (full 0):
 garbage-first heap   total 328704K, used 124838K [0x0000000080000000, 0x0000000100000000)
  region size 1024K, 5 young (5120K), 5 survivors (5120K)
 Metaspace       used 96324K, capacity 98884K, committed 99456K, reserved 1134592K
  class space    used 12454K, capacity 13426K, committed 13696K, reserved 1048576K
}
Event: 40.852 GC heap before
{Heap before GC invocations=37 (full 0):
 garbage-first heap   total 328704K, used 265126K [0x0000000080000000, 0x0000000100000000)
  region size 1024K, 142 young (145408K), 5 survivors (5120K)
 Metaspace       used 96345K, capacity 98891K, committed 99456K, reserved 1134592K
  class space    used 12454K, capacity 13427K, committed 13696K, reserved 1048576K
}
Event: 40.880 GC heap after
{Heap after GC invocations=38 (full 0):
 garbage-first heap   total 328704K, used 128468K [0x0000000080000000, 0x0000000100000000)
  region size 1024K, 8 young (8192K), 8 survivors (8192K)
 Metaspace       used 96345K, capacity 98891K, committed 99456K, reserved 1134592K
  class space    used 12454K, capacity 13427K, committed 13696K, reserved 1048576K
}
Event: 41.792 GC heap before
{Heap before GC invocations=38 (full 0):
 garbage-first heap   total 328704K, used 268756K [0x0000000080000000, 0x0000000100000000)
  region size 1024K, 145 young (148480K), 8 survivors (8192K)
 Metaspace       used 96490K, capacity 99057K, committed 99712K, reserved 1134592K
  class space    used 12456K, capacity 13430K, committed 13696K, reserved 1048576K
}
Event: 41.825 GC heap after
{Heap after GC invocations=39 (full 0):
 garbage-first heap   total 328704K, used 130288K [0x0000000080000000, 0x0000000100000000)
  region size 1024K, 10 young (10240K), 10 survivors (10240K)
 Metaspace       used 96490K, capacity 99057K, committed 99712K, reserved 1134592K
  class space    used 12456K, capacity 13430K, committed 13696K, reserved 1048576K
}
Event: 42.579 GC heap before
{Heap before GC invocations=39 (full 0):
 garbage-first heap   total 328704K, used 272624K [0x0000000080000000, 0x0000000100000000)
  region size 1024K, 149 young (152576K), 10 survivors (10240K)
 Metaspace       used 96517K, capacity 99066K, committed 99712K, reserved 1134592K
  class space    used 12458K, capacity 13433K, committed 13696K, reserved 1048576K
}
Event: 42.636 GC heap after
{Heap after GC invocations=40 (full 0):
 garbage-first heap   total 474112K, used 132700K [0x0000000080000000, 0x0000000100000000)
  region size 1024K, 12 young (12288K), 12 survivors (12288K)
 Metaspace       used 96517K, capacity 99066K, committed 99712K, reserved 1134592K
  class space    used 12458K, capacity 13433K, committed 13696K, reserved 1048576K
}

